<?xml version="1.0" encoding="UTF-8"?>
<!-- Generated by org.testng.reporters.JUnitXMLReporter -->
<testsuite ignored="0" hostname="DESKTOP-HADT1D5" failures="0" tests="3" name="Default test" time="7.267" errors="0" timestamp="2023-01-15T00:03:23 IST">
  <testcase classname="com.tutorialsninja.testcases.SearchTests" name="verifySearchWithValidProduct" time="0.384"/>
  <testcase classname="com.tutorialsninja.testcases.SearchTests" name="verifySearchWithInvalidProduct" time="0.305"/>
  <testcase classname="com.tutorialsninja.testcases.SearchTests" name="verifySearchWithoutProduct" time="0.248"/>
</testsuite> <!-- Default test -->
