<?xml version="1.0" encoding="UTF-8"?>
<testng-results ignored="0" total="14" passed="12" failed="1" skipped="1">
  <reporter-output>
  </reporter-output>
  <suite started-at="2023-01-18T15:12:26 IST" name="TutorialsNinja Automation Suite" finished-at="2023-01-18T15:13:05 IST" duration-ms="38868">
    <groups>
    </groups>
    <test started-at="2023-01-18T15:12:26 IST" name="TutorialsNinja Test" finished-at="2023-01-18T15:13:05 IST" duration-ms="38868">
      <class name="com.tutorialsninja.testcases.SearchTest">
        <test-method is-config="true" signature="setUp()[pri:0, instance:com.tutorialsninja.testcases.SearchTest@399f45b1]" started-at="2023-01-18T15:13:00 IST" name="setUp" finished-at="2023-01-18T15:13:02 IST" duration-ms="1665" status="PASS">
          <reporter-output>
          </reporter-output>
        </test-method> <!-- setUp -->
        <test-method signature="verifySearchWithValidProduct()[pri:1, instance:com.tutorialsninja.testcases.SearchTest@399f45b1]" started-at="2023-01-18T15:13:02 IST" name="verifySearchWithValidProduct" finished-at="2023-01-18T15:13:02 IST" duration-ms="479" status="PASS">
          <reporter-output>
          </reporter-output>
        </test-method> <!-- verifySearchWithValidProduct -->
        <test-method is-config="true" signature="tearDown()[pri:0, instance:com.tutorialsninja.testcases.SearchTest@399f45b1]" started-at="2023-01-18T15:13:02 IST" name="tearDown" finished-at="2023-01-18T15:13:02 IST" duration-ms="182" status="PASS">
          <reporter-output>
          </reporter-output>
        </test-method> <!-- tearDown -->
        <test-method is-config="true" signature="setUp()[pri:0, instance:com.tutorialsninja.testcases.SearchTest@399f45b1]" started-at="2023-01-18T15:13:02 IST" name="setUp" finished-at="2023-01-18T15:13:04 IST" duration-ms="1849" status="PASS">
          <reporter-output>
          </reporter-output>
        </test-method> <!-- setUp -->
        <test-method signature="verifySearchWithInvalidProduct()[pri:2, instance:com.tutorialsninja.testcases.SearchTest@399f45b1]" started-at="2023-01-18T15:13:04 IST" name="verifySearchWithInvalidProduct" finished-at="2023-01-18T15:13:04 IST" duration-ms="17" status="FAIL">
          <exception class="java.lang.IllegalArgumentException">
            <message>
              <![CDATA[Keys to send should be a not null CharSequence]]>
            </message>
            <full-stacktrace>
              <![CDATA[java.lang.IllegalArgumentException: Keys to send should be a not null CharSequence
at org.openqa.selenium.remote.RemoteWebElement.sendKeys(RemoteWebElement.java:98)
at jdk.internal.reflect.GeneratedMethodAccessor1.invoke(Unknown Source)
at java.base/jdk.internal.reflect.DelegatingMethodAccessorImpl.invoke(DelegatingMethodAccessorImpl.java:43)
at java.base/java.lang.reflect.Method.invoke(Method.java:568)
at org.openqa.selenium.support.pagefactory.internal.LocatingElementHandler.invoke(LocatingElementHandler.java:52)
at jdk.proxy2/jdk.proxy2.$Proxy15.sendKeys(Unknown Source)
at com.tutorialsninja.qa.pages.HomePage.searchProduct(HomePage.java:45)
at com.tutorialsninja.testcases.SearchTest.verifySearchWithInvalidProduct(SearchTest.java:46)
at java.base/jdk.internal.reflect.NativeMethodAccessorImpl.invoke0(Native Method)
at java.base/jdk.internal.reflect.NativeMethodAccessorImpl.invoke(NativeMethodAccessorImpl.java:77)
at java.base/jdk.internal.reflect.DelegatingMethodAccessorImpl.invoke(DelegatingMethodAccessorImpl.java:43)
at java.base/java.lang.reflect.Method.invoke(Method.java:568)
at org.testng.internal.invokers.MethodInvocationHelper.invokeMethod(MethodInvocationHelper.java:139)
at org.testng.internal.invokers.TestInvoker.invokeMethod(TestInvoker.java:677)
at org.testng.internal.invokers.TestInvoker.invokeTestMethod(TestInvoker.java:221)
at org.testng.internal.invokers.MethodRunner.runInSequence(MethodRunner.java:50)
at org.testng.internal.invokers.TestInvoker$MethodInvocationAgent.invoke(TestInvoker.java:969)
at org.testng.internal.invokers.TestInvoker.invokeTestMethods(TestInvoker.java:194)
at org.testng.internal.invokers.TestMethodWorker.invokeTestMethods(TestMethodWorker.java:148)
at org.testng.internal.invokers.TestMethodWorker.run(TestMethodWorker.java:128)
at java.base/java.util.ArrayList.forEach(ArrayList.java:1511)
at org.testng.TestRunner.privateRun(TestRunner.java:829)
at org.testng.TestRunner.run(TestRunner.java:602)
at org.testng.SuiteRunner.runTest(SuiteRunner.java:437)
at org.testng.SuiteRunner.runSequentially(SuiteRunner.java:431)
at org.testng.SuiteRunner.privateRun(SuiteRunner.java:391)
at org.testng.SuiteRunner.run(SuiteRunner.java:330)
at org.testng.SuiteRunnerWorker.runSuite(SuiteRunnerWorker.java:52)
at org.testng.SuiteRunnerWorker.run(SuiteRunnerWorker.java:95)
at org.testng.TestNG.runSuitesSequentially(TestNG.java:1256)
at org.testng.TestNG.runSuitesLocally(TestNG.java:1176)
at org.testng.TestNG.runSuites(TestNG.java:1099)
at org.testng.TestNG.run(TestNG.java:1067)
at org.apache.maven.surefire.testng.TestNGExecutor.run(TestNGExecutor.java:324)
at org.apache.maven.surefire.testng.TestNGXmlTestSuite.execute(TestNGXmlTestSuite.java:74)
at org.apache.maven.surefire.testng.TestNGProvider.invoke(TestNGProvider.java:123)
at org.apache.maven.surefire.booter.ForkedBooter.runSuitesInProcess(ForkedBooter.java:456)
at org.apache.maven.surefire.booter.ForkedBooter.execute(ForkedBooter.java:169)
at org.apache.maven.surefire.booter.ForkedBooter.run(ForkedBooter.java:595)
at org.apache.maven.surefire.booter.ForkedBooter.main(ForkedBooter.java:581)
]]>
            </full-stacktrace>
          </exception> <!-- java.lang.IllegalArgumentException -->
          <reporter-output>
          </reporter-output>
        </test-method> <!-- verifySearchWithInvalidProduct -->
        <test-method is-config="true" signature="tearDown()[pri:0, instance:com.tutorialsninja.testcases.SearchTest@399f45b1]" started-at="2023-01-18T15:13:05 IST" name="tearDown" finished-at="2023-01-18T15:13:05 IST" duration-ms="118" status="PASS">
          <reporter-output>
          </reporter-output>
        </test-method> <!-- tearDown -->
        <test-method signature="verifySearchWithoutProduct()[pri:3, instance:com.tutorialsninja.testcases.SearchTest@399f45b1]" started-at="2023-01-18T15:13:05 IST" name="verifySearchWithoutProduct" finished-at="2023-01-18T15:13:05 IST" depends-on-methods="com.tutorialsninja.testcases.SearchTest.verifySearchWithValidProduct, com.tutorialsninja.testcases.SearchTest.verifySearchWithInvalidProduct" duration-ms="0" status="SKIP">
          <exception class="java.lang.Throwable">
            <message>
              <![CDATA[Method com.tutorialsninja.testcases.SearchTest.verifySearchWithoutProduct() on instance com.tutorialsninja.testcases.SearchTest@399f45b1 depends on not successfully finished methods 
[com.tutorialsninja.testcases.SearchTest.verifySearchWithValidProduct() on instance com.tutorialsninja.testcases.SearchTest@399f45b1
com.tutorialsninja.testcases.SearchTest.verifySearchWithInvalidProduct() on instance com.tutorialsninja.testcases.SearchTest@399f45b1]]]>
            </message>
            <full-stacktrace>
              <![CDATA[java.lang.Throwable: Method com.tutorialsninja.testcases.SearchTest.verifySearchWithoutProduct() on instance com.tutorialsninja.testcases.SearchTest@399f45b1 depends on not successfully finished methods 
[com.tutorialsninja.testcases.SearchTest.verifySearchWithValidProduct() on instance com.tutorialsninja.testcases.SearchTest@399f45b1
com.tutorialsninja.testcases.SearchTest.verifySearchWithInvalidProduct() on instance com.tutorialsninja.testcases.SearchTest@399f45b1]
at org.testng.internal.invokers.TestInvoker.invokeTestMethods(TestInvoker.java:150)
at org.testng.internal.invokers.TestMethodWorker.invokeTestMethods(TestMethodWorker.java:148)
at org.testng.internal.invokers.TestMethodWorker.run(TestMethodWorker.java:128)
at java.base/java.util.ArrayList.forEach(ArrayList.java:1511)
at org.testng.TestRunner.privateRun(TestRunner.java:829)
at org.testng.TestRunner.run(TestRunner.java:602)
at org.testng.SuiteRunner.runTest(SuiteRunner.java:437)
at org.testng.SuiteRunner.runSequentially(SuiteRunner.java:431)
at org.testng.SuiteRunner.privateRun(SuiteRunner.java:391)
at org.testng.SuiteRunner.run(SuiteRunner.java:330)
at org.testng.SuiteRunnerWorker.runSuite(SuiteRunnerWorker.java:52)
at org.testng.SuiteRunnerWorker.run(SuiteRunnerWorker.java:95)
at org.testng.TestNG.runSuitesSequentially(TestNG.java:1256)
at org.testng.TestNG.runSuitesLocally(TestNG.java:1176)
at org.testng.TestNG.runSuites(TestNG.java:1099)
at org.testng.TestNG.run(TestNG.java:1067)
at org.apache.maven.surefire.testng.TestNGExecutor.run(TestNGExecutor.java:324)
at org.apache.maven.surefire.testng.TestNGXmlTestSuite.execute(TestNGXmlTestSuite.java:74)
at org.apache.maven.surefire.testng.TestNGProvider.invoke(TestNGProvider.java:123)
at org.apache.maven.surefire.booter.ForkedBooter.runSuitesInProcess(ForkedBooter.java:456)
at org.apache.maven.surefire.booter.ForkedBooter.execute(ForkedBooter.java:169)
at org.apache.maven.surefire.booter.ForkedBooter.run(ForkedBooter.java:595)
at org.apache.maven.surefire.booter.ForkedBooter.main(ForkedBooter.java:581)
]]>
            </full-stacktrace>
          </exception> <!-- java.lang.Throwable -->
          <reporter-output>
          </reporter-output>
        </test-method> <!-- verifySearchWithoutProduct -->
      </class> <!-- com.tutorialsninja.testcases.SearchTest -->
      <class name="com.tutorialsninja.testcases.LoginTest">
        <test-method is-config="true" signature="setUp()[pri:0, instance:com.tutorialsninja.testcases.LoginTest@595b007d]" started-at="2023-01-18T15:12:41 IST" name="setUp" finished-at="2023-01-18T15:12:43 IST" duration-ms="1950" status="PASS">
          <reporter-output>
          </reporter-output>
        </test-method> <!-- setUp -->
        <test-method signature="verifyLoginWithValidCred(java.lang.String,java.lang.String)[pri:1, instance:com.tutorialsninja.testcases.LoginTest@595b007d]" started-at="2023-01-18T15:12:43 IST" name="verifyLoginWithValidCred" data-provider="validCredentialSupplier" finished-at="2023-01-18T15:12:44 IST" duration-ms="490" status="PASS">
          <params>
            <param index="0">
              <value>
                <![CDATA[ashishpal1@gmail.com]]>
              </value>
            </param>
            <param index="1">
              <value>
                <![CDATA[123456]]>
              </value>
            </param>
          </params>
          <reporter-output>
          </reporter-output>
        </test-method> <!-- verifyLoginWithValidCred -->
        <test-method is-config="true" signature="tearDown()[pri:0, instance:com.tutorialsninja.testcases.LoginTest@595b007d]" started-at="2023-01-18T15:12:44 IST" name="tearDown" finished-at="2023-01-18T15:12:44 IST" duration-ms="139" status="PASS">
          <reporter-output>
          </reporter-output>
        </test-method> <!-- tearDown -->
        <test-method is-config="true" signature="setUp()[pri:0, instance:com.tutorialsninja.testcases.LoginTest@595b007d]" started-at="2023-01-18T15:12:44 IST" name="setUp" finished-at="2023-01-18T15:12:46 IST" duration-ms="2168" status="PASS">
          <reporter-output>
          </reporter-output>
        </test-method> <!-- setUp -->
        <test-method signature="verifyLoginWithValidCred(java.lang.String,java.lang.String)[pri:1, instance:com.tutorialsninja.testcases.LoginTest@595b007d]" started-at="2023-01-18T15:12:46 IST" name="verifyLoginWithValidCred" data-provider="validCredentialSupplier" finished-at="2023-01-18T15:12:47 IST" duration-ms="653" status="PASS">
          <params>
            <param index="0">
              <value>
                <![CDATA[ashishpal2@gmail.com]]>
              </value>
            </param>
            <param index="1">
              <value>
                <![CDATA[123456]]>
              </value>
            </param>
          </params>
          <reporter-output>
          </reporter-output>
        </test-method> <!-- verifyLoginWithValidCred -->
        <test-method is-config="true" signature="tearDown()[pri:0, instance:com.tutorialsninja.testcases.LoginTest@595b007d]" started-at="2023-01-18T15:12:47 IST" name="tearDown" finished-at="2023-01-18T15:12:47 IST" duration-ms="124" status="PASS">
          <reporter-output>
          </reporter-output>
        </test-method> <!-- tearDown -->
        <test-method is-config="true" signature="setUp()[pri:0, instance:com.tutorialsninja.testcases.LoginTest@595b007d]" started-at="2023-01-18T15:12:47 IST" name="setUp" finished-at="2023-01-18T15:12:49 IST" duration-ms="2112" status="PASS">
          <reporter-output>
          </reporter-output>
        </test-method> <!-- setUp -->
        <test-method signature="verifyLoginWithValidCred(java.lang.String,java.lang.String)[pri:1, instance:com.tutorialsninja.testcases.LoginTest@595b007d]" started-at="2023-01-18T15:12:49 IST" name="verifyLoginWithValidCred" data-provider="validCredentialSupplier" finished-at="2023-01-18T15:12:49 IST" duration-ms="576" status="PASS">
          <params>
            <param index="0">
              <value>
                <![CDATA[amotooricap9@gmail.com]]>
              </value>
            </param>
            <param index="1">
              <value>
                <![CDATA[12345]]>
              </value>
            </param>
          </params>
          <reporter-output>
          </reporter-output>
        </test-method> <!-- verifyLoginWithValidCred -->
        <test-method is-config="true" signature="tearDown()[pri:0, instance:com.tutorialsninja.testcases.LoginTest@595b007d]" started-at="2023-01-18T15:12:49 IST" name="tearDown" finished-at="2023-01-18T15:12:50 IST" duration-ms="122" status="PASS">
          <reporter-output>
          </reporter-output>
        </test-method> <!-- tearDown -->
        <test-method is-config="true" signature="setUp()[pri:0, instance:com.tutorialsninja.testcases.LoginTest@595b007d]" started-at="2023-01-18T15:12:50 IST" name="setUp" finished-at="2023-01-18T15:12:52 IST" duration-ms="1980" status="PASS">
          <reporter-output>
          </reporter-output>
        </test-method> <!-- setUp -->
        <test-method signature="verifyLoginWithInValidCred()[pri:2, instance:com.tutorialsninja.testcases.LoginTest@595b007d]" started-at="2023-01-18T15:12:52 IST" name="verifyLoginWithInValidCred" finished-at="2023-01-18T15:12:52 IST" duration-ms="722" status="PASS">
          <reporter-output>
          </reporter-output>
        </test-method> <!-- verifyLoginWithInValidCred -->
        <test-method is-config="true" signature="tearDown()[pri:0, instance:com.tutorialsninja.testcases.LoginTest@595b007d]" started-at="2023-01-18T15:12:52 IST" name="tearDown" finished-at="2023-01-18T15:12:52 IST" duration-ms="107" status="PASS">
          <reporter-output>
          </reporter-output>
        </test-method> <!-- tearDown -->
        <test-method is-config="true" signature="setUp()[pri:0, instance:com.tutorialsninja.testcases.LoginTest@595b007d]" started-at="2023-01-18T15:12:52 IST" name="setUp" finished-at="2023-01-18T15:12:54 IST" duration-ms="1924" status="PASS">
          <reporter-output>
          </reporter-output>
        </test-method> <!-- setUp -->
        <test-method signature="verifyLoginWithInValidEmailAndValidPassCred()[pri:3, instance:com.tutorialsninja.testcases.LoginTest@595b007d]" started-at="2023-01-18T15:12:54 IST" name="verifyLoginWithInValidEmailAndValidPassCred" finished-at="2023-01-18T15:12:55 IST" duration-ms="794" status="PASS">
          <reporter-output>
          </reporter-output>
        </test-method> <!-- verifyLoginWithInValidEmailAndValidPassCred -->
        <test-method is-config="true" signature="tearDown()[pri:0, instance:com.tutorialsninja.testcases.LoginTest@595b007d]" started-at="2023-01-18T15:12:55 IST" name="tearDown" finished-at="2023-01-18T15:12:55 IST" duration-ms="149" status="PASS">
          <reporter-output>
          </reporter-output>
        </test-method> <!-- tearDown -->
        <test-method is-config="true" signature="setUp()[pri:0, instance:com.tutorialsninja.testcases.LoginTest@595b007d]" started-at="2023-01-18T15:12:55 IST" name="setUp" finished-at="2023-01-18T15:12:57 IST" duration-ms="1686" status="PASS">
          <reporter-output>
          </reporter-output>
        </test-method> <!-- setUp -->
        <test-method signature="verifyLoginWithValidEmailAndInValidPassCred()[pri:4, instance:com.tutorialsninja.testcases.LoginTest@595b007d]" started-at="2023-01-18T15:12:57 IST" name="verifyLoginWithValidEmailAndInValidPassCred" finished-at="2023-01-18T15:12:57 IST" duration-ms="481" status="PASS">
          <reporter-output>
          </reporter-output>
        </test-method> <!-- verifyLoginWithValidEmailAndInValidPassCred -->
        <test-method is-config="true" signature="tearDown()[pri:0, instance:com.tutorialsninja.testcases.LoginTest@595b007d]" started-at="2023-01-18T15:12:57 IST" name="tearDown" finished-at="2023-01-18T15:12:58 IST" duration-ms="115" status="PASS">
          <reporter-output>
          </reporter-output>
        </test-method> <!-- tearDown -->
        <test-method is-config="true" signature="setUp()[pri:0, instance:com.tutorialsninja.testcases.LoginTest@595b007d]" started-at="2023-01-18T15:12:58 IST" name="setUp" finished-at="2023-01-18T15:12:59 IST" duration-ms="1896" status="PASS">
          <reporter-output>
          </reporter-output>
        </test-method> <!-- setUp -->
        <test-method signature="verifyLoginWithoutCred()[pri:5, instance:com.tutorialsninja.testcases.LoginTest@595b007d]" started-at="2023-01-18T15:12:59 IST" name="verifyLoginWithoutCred" finished-at="2023-01-18T15:13:00 IST" duration-ms="299" status="PASS">
          <reporter-output>
          </reporter-output>
        </test-method> <!-- verifyLoginWithoutCred -->
        <test-method is-config="true" signature="tearDown()[pri:0, instance:com.tutorialsninja.testcases.LoginTest@595b007d]" started-at="2023-01-18T15:13:00 IST" name="tearDown" finished-at="2023-01-18T15:13:00 IST" duration-ms="126" status="PASS">
          <reporter-output>
          </reporter-output>
        </test-method> <!-- tearDown -->
      </class> <!-- com.tutorialsninja.testcases.LoginTest -->
      <class name="com.tutorialsninja.testcases.RegisterTest">
        <test-method is-config="true" signature="setUp()[pri:0, instance:com.tutorialsninja.testcases.RegisterTest@71809907]" started-at="2023-01-18T15:12:26 IST" name="setUp" finished-at="2023-01-18T15:12:29 IST" duration-ms="3186" status="PASS">
          <reporter-output>
          </reporter-output>
        </test-method> <!-- setUp -->
        <test-method signature="verifyRegisteringWithMandatoryFields()[pri:1, instance:com.tutorialsninja.testcases.RegisterTest@71809907]" started-at="2023-01-18T15:12:29 IST" name="verifyRegisteringWithMandatoryFields" finished-at="2023-01-18T15:12:30 IST" duration-ms="920" status="PASS">
          <reporter-output>
          </reporter-output>
        </test-method> <!-- verifyRegisteringWithMandatoryFields -->
        <test-method is-config="true" signature="tearDown()[pri:0, instance:com.tutorialsninja.testcases.RegisterTest@71809907]" started-at="2023-01-18T15:12:30 IST" name="tearDown" finished-at="2023-01-18T15:12:30 IST" duration-ms="193" status="PASS">
          <reporter-output>
          </reporter-output>
        </test-method> <!-- tearDown -->
        <test-method is-config="true" signature="setUp()[pri:0, instance:com.tutorialsninja.testcases.RegisterTest@71809907]" started-at="2023-01-18T15:12:30 IST" name="setUp" finished-at="2023-01-18T15:12:33 IST" duration-ms="2404" status="PASS">
          <reporter-output>
          </reporter-output>
        </test-method> <!-- setUp -->
        <test-method signature="verifyRegisteringWithAllFields()[pri:2, instance:com.tutorialsninja.testcases.RegisterTest@71809907]" started-at="2023-01-18T15:12:33 IST" name="verifyRegisteringWithAllFields" finished-at="2023-01-18T15:12:34 IST" duration-ms="1090" status="PASS">
          <reporter-output>
          </reporter-output>
        </test-method> <!-- verifyRegisteringWithAllFields -->
        <test-method is-config="true" signature="tearDown()[pri:0, instance:com.tutorialsninja.testcases.RegisterTest@71809907]" started-at="2023-01-18T15:12:34 IST" name="tearDown" finished-at="2023-01-18T15:12:34 IST" duration-ms="190" status="PASS">
          <reporter-output>
          </reporter-output>
        </test-method> <!-- tearDown -->
        <test-method is-config="true" signature="setUp()[pri:0, instance:com.tutorialsninja.testcases.RegisterTest@71809907]" started-at="2023-01-18T15:12:34 IST" name="setUp" finished-at="2023-01-18T15:12:37 IST" duration-ms="2666" status="PASS">
          <reporter-output>
          </reporter-output>
        </test-method> <!-- setUp -->
        <test-method signature="verifyRegisteringWithExistingEmailAddress()[pri:3, instance:com.tutorialsninja.testcases.RegisterTest@71809907]" started-at="2023-01-18T15:12:37 IST" name="verifyRegisteringWithExistingEmailAddress" finished-at="2023-01-18T15:12:38 IST" duration-ms="879" status="PASS">
          <reporter-output>
          </reporter-output>
        </test-method> <!-- verifyRegisteringWithExistingEmailAddress -->
        <test-method is-config="true" signature="tearDown()[pri:0, instance:com.tutorialsninja.testcases.RegisterTest@71809907]" started-at="2023-01-18T15:12:38 IST" name="tearDown" finished-at="2023-01-18T15:12:38 IST" duration-ms="170" status="PASS">
          <reporter-output>
          </reporter-output>
        </test-method> <!-- tearDown -->
        <test-method is-config="true" signature="setUp()[pri:0, instance:com.tutorialsninja.testcases.RegisterTest@71809907]" started-at="2023-01-18T15:12:38 IST" name="setUp" finished-at="2023-01-18T15:12:40 IST" duration-ms="2276" status="PASS">
          <reporter-output>
          </reporter-output>
        </test-method> <!-- setUp -->
        <test-method signature="verifyRegisterWithoutFillingAnyDetails()[pri:4, instance:com.tutorialsninja.testcases.RegisterTest@71809907]" started-at="2023-01-18T15:12:40 IST" name="verifyRegisterWithoutFillingAnyDetails" finished-at="2023-01-18T15:12:41 IST" duration-ms="429" status="PASS">
          <reporter-output>
          </reporter-output>
        </test-method> <!-- verifyRegisterWithoutFillingAnyDetails -->
        <test-method is-config="true" signature="tearDown()[pri:0, instance:com.tutorialsninja.testcases.RegisterTest@71809907]" started-at="2023-01-18T15:12:41 IST" name="tearDown" finished-at="2023-01-18T15:12:41 IST" duration-ms="160" status="PASS">
          <reporter-output>
          </reporter-output>
        </test-method> <!-- tearDown -->
      </class> <!-- com.tutorialsninja.testcases.RegisterTest -->
    </test> <!-- TutorialsNinja Test -->
  </suite> <!-- TutorialsNinja Automation Suite -->
</testng-results>
